*** Using Compiler 'V6.9', folder: 'D:\Keil_v5\ARM\ARMCLANG\Bin'
Build target 'mm32f327x_g8p_project'
compiling zf_common_clock.c...
compiling main.c...
compiling menu.c...
../code/motor.c(94): warning: '&&' within '||' [-Wlogical-op-parentheses]
    if((encoder_L<=5&&PWM_L>7000)||(encoder_R<=5&&PWM_R>7000)&&start==1)
                                 ~~~~~~~~~~~~~~~~~~~~~~~~~~~~^~~~~~~~~~
../code/motor.c(94): note: place parentheses around the '&&' expression to silence this warning
    if((encoder_L<=5&&PWM_L>7000)||(encoder_R<=5&&PWM_R>7000)&&start==1)
                                                             ^
                                   (                                   )
../code/motor.c(143): warning: comparison of unsigned expression >= 0 is always true [-Wtautological-unsigned-zero-compare]
        if(Angle>=0)  //<U+53F3><U+8F6C>
           ~~~~~^ ~
../code/motor.c(149): warning: comparison of unsigned expression < 0 is always false [-Wtautological-unsigned-zero-compare]
        if(Angle<0)
           ~~~~~^~
3 warnings generated.
compiling motor.c...
compiling all_init.c...
compiling zf_common_debug.c...
compiling element.c...
compiling isr.c...
compiling img_handle.c...
compiling key.c...
compiling Serial.c...
compiling zf_common_fifo.c...
compiling zf_common_font.c...
compiling zf_common_interrupt.c...
compiling zf_common_function.c...
compiling zf_driver_dac.c...
compiling zf_driver_adc.c...
compiling zf_driver_delay.c...
compiling zf_driver_dma.c...
compiling zf_driver_encoder.c...
compiling zf_driver_exti.c...
compiling zf_driver_flash.c...
compiling zf_driver_gpio.c...
compiling zf_driver_pit.c...
compiling zf_driver_iic.c...
compiling zf_driver_pwm.c...
compiling zf_driver_sdio.c...
compiling zf_driver_soft_spi.c...
compiling zf_driver_soft_iic.c...
compiling zf_driver_spi.c...
compiling zf_driver_timer.c...
compiling zf_driver_uart.c...
compiling zf_device_absolute_encoder.c...
compiling zf_device_bluetooth_ch9141.c...
compiling zf_device_camera.c...
compiling zf_device_dl1a.c...
compiling zf_device_dm1xa.c...
compiling zf_device_gps_tau1201.c...
compiling zf_device_imu660ra.c...
compiling zf_device_icm20602.c...
compiling zf_device_imu963ra.c...
compiling zf_device_ips114.c...
compiling zf_device_ips200.c...
compiling zf_device_key.c...
compiling zf_device_mpu6050.c...
compiling zf_device_mt9v03x.c...
compiling zf_device_ov7725.c...
compiling zf_device_oled.c...
compiling zf_device_scc8660.c...
compiling zf_device_sdcard.c...
compiling zf_device_tsl1401.c...
compiling zf_device_tft180.c...
compiling zf_device_type.c...
compiling zf_device_virtual_oscilloscope.c...
compiling zf_device_wifi_uart.c...
assembling startup_mm32f3277g.s...
compiling zf_device_wireless_uart.c...
compiling system_mm32f3277g.c...
compiling hal_comp.c...
compiling hal_adc.c...
compiling hal_dac.c...
compiling hal_dma.c...
compiling hal_exti.c...
compiling hal_fsmc.c...
compiling hal_gpio.c...
compiling hal_i2c.c...
compiling hal_iwdg.c...
compiling hal_rcc.c...
compiling hal_rtc.c...
compiling hal_sdio.c...
compiling hal_spi.c...
compiling hal_syscfg.c...
compiling hal_tim_16b.c...
compiling hal_tim_32b.c...
compiling hal_tim_adv.c...
compiling hal_tim_basic.c...
compiling hal_uart.c...
compiling hal_usb.c...
compiling hal_wwdg.c...
compiling diskio.c...
compiling ffsystem.c...
compiling ffunicode.c...
compiling ff.c...
linking...
.\Objects\MM32F327X_G8P.axf: error: L6050U: The code size of this image (37540 bytes) exceeds the maximum allowed for this version of the linker.
Finished: 0 information, 0 warning, 0 error and 1 fatal error messages.
".\Objects\MM32F327X_G8P.axf" - 1 Error(s), 3 Warning(s).
Target not created.
Build Time Elapsed:  00:00:12
